<?xml version="1.0" encoding="utf-8"?>
<test-run id="2" testcasecount="17" result="Passed" total="17" passed="17" failed="0" inconclusive="0" skipped="0" asserts="74" engine-version="3.5.0.0" clr-version="2.0.50727.1433" start-time="2017-11-12 09:43:33Z" end-time="2017-11-12 09:43:33Z" duration="0.649233">
  <test-suite type="TestSuite" id="1020" name="Numerical Game" fullname="Numerical Game" runstate="Runnable" testcasecount="17" result="Passed" start-time="2017-11-12 09:43:33Z" end-time="2017-11-12 09:43:33Z" duration="0.649233" total="17" passed="17" failed="0" inconclusive="0" skipped="0" asserts="74">
    <test-suite type="Assembly" id="1039" name="Assembly-CSharp-Editor.dll" fullname="/Users/oranshus/CandyCrushPsycho/Library/ScriptAssemblies/Assembly-CSharp-Editor.dll" runstate="Runnable" testcasecount="17" result="Passed" start-time="2017-11-12 09:43:33Z" end-time="2017-11-12 09:43:33Z" duration="0.543252" total="17" passed="17" failed="0" inconclusive="0" skipped="0" asserts="74">
      <properties>
        <property name="_PID" value="51003" />
        <property name="_APPDOMAIN" value="Unity Child Domain" />
      </properties>
      <test-suite type="TestFixture" id="1021" name="UserStatisticsTest" fullname="UserStatisticsTest" classname="UserStatisticsTest" runstate="Runnable" testcasecount="17" result="Passed" start-time="2017-11-12 09:43:33Z" end-time="2017-11-12 09:43:33Z" duration="0.537909" total="17" passed="17" failed="0" inconclusive="0" skipped="0" asserts="74">
        <test-case id="1030" name="AfterAllPlayDatesAfter8Am" fullname="UserStatisticsTest.AfterAllPlayDatesAfter8Am" methodname="AfterAllPlayDatesAfter8Am" classname="UserStatisticsTest" runstate="Runnable" seed="1403203509" result="Passed" start-time="2017-11-12 09:43:33Z" end-time="2017-11-12 09:43:33Z" duration="0.068802" asserts="2">
          <output><![CDATA[DEBUG|201710221543|Saving user data from /Users/oranshus/Library/Application Support/BGU/Numerical Game/userData.cjd
DEBUG|201710221544|Loading user data from /Users/oranshus/Library/Application Support/BGU/Numerical Game/userData.cjd
]]></output>
        </test-case>
        <test-case id="1029" name="AfterAllPlayDatesPre8Am" fullname="UserStatisticsTest.AfterAllPlayDatesPre8Am" methodname="AfterAllPlayDatesPre8Am" classname="UserStatisticsTest" runstate="Runnable" seed="648799352" result="Passed" start-time="2017-11-12 09:43:33Z" end-time="2017-11-12 09:43:33Z" duration="0.012071" asserts="2">
          <output><![CDATA[DEBUG|201710221543|Saving user data from /Users/oranshus/Library/Application Support/BGU/Numerical Game/userData.cjd
DEBUG|201710221544|Loading user data from /Users/oranshus/Library/Application Support/BGU/Numerical Game/userData.cjd
]]></output>
        </test-case>
        <test-case id="1031" name="BannedPlayerAfter8Am" fullname="UserStatisticsTest.BannedPlayerAfter8Am" methodname="BannedPlayerAfter8Am" classname="UserStatisticsTest" runstate="Runnable" seed="618701544" result="Passed" start-time="2017-11-12 09:43:33Z" end-time="2017-11-12 09:43:33Z" duration="0.016679" asserts="2">
          <output><![CDATA[DEBUG|201710221543|Saving user data from /Users/oranshus/Library/Application Support/BGU/Numerical Game/userData.cjd
DEBUG|201710221544|Loading user data from /Users/oranshus/Library/Application Support/BGU/Numerical Game/userData.cjd
DEBUG|201710221543|Saving user data from /Users/oranshus/Library/Application Support/BGU/Numerical Game/userData.cjd
]]></output>
        </test-case>
        <test-case id="1032" name="BannedPlayerBefore8Am" fullname="UserStatisticsTest.BannedPlayerBefore8Am" methodname="BannedPlayerBefore8Am" classname="UserStatisticsTest" runstate="Runnable" seed="1624603505" result="Passed" start-time="2017-11-12 09:43:33Z" end-time="2017-11-12 09:43:33Z" duration="0.016336" asserts="2">
          <output><![CDATA[DEBUG|201710221543|Saving user data from /Users/oranshus/Library/Application Support/BGU/Numerical Game/userData.cjd
DEBUG|201710221544|Loading user data from /Users/oranshus/Library/Application Support/BGU/Numerical Game/userData.cjd
DEBUG|201710221543|Saving user data from /Users/oranshus/Library/Application Support/BGU/Numerical Game/userData.cjd
]]></output>
        </test-case>
        <test-case id="1028" name="DayAfterAfter8Am" fullname="UserStatisticsTest.DayAfterAfter8Am" methodname="DayAfterAfter8Am" classname="UserStatisticsTest" runstate="Runnable" seed="804001402" result="Passed" start-time="2017-11-12 09:43:33Z" end-time="2017-11-12 09:43:33Z" duration="0.011862" asserts="2">
          <output><![CDATA[DEBUG|201710221543|Saving user data from /Users/oranshus/Library/Application Support/BGU/Numerical Game/userData.cjd
DEBUG|201710221544|Loading user data from /Users/oranshus/Library/Application Support/BGU/Numerical Game/userData.cjd
]]></output>
        </test-case>
        <test-case id="1026" name="DayAfterAfter8AmCanPlay" fullname="UserStatisticsTest.DayAfterAfter8AmCanPlay" methodname="DayAfterAfter8AmCanPlay" classname="UserStatisticsTest" runstate="Runnable" seed="189257520" result="Passed" start-time="2017-11-12 09:43:33Z" end-time="2017-11-12 09:43:33Z" duration="0.023573" asserts="2">
          <output><![CDATA[DEBUG|201710221543|Saving user data from /Users/oranshus/Library/Application Support/BGU/Numerical Game/userData.cjd
DEBUG|201710221544|Loading user data from /Users/oranshus/Library/Application Support/BGU/Numerical Game/userData.cjd
INFO|201710221545|{started_time: 0, total_time:600, left_time:0, total_points:100, game: 0, session: 1}
INFO|201710221546|Incrementing session. seesion interval is 3600
DEBUG|201710221543|Saving user data from /Users/oranshus/Library/Application Support/BGU/Numerical Game/userData.cjd
INFO|201710221545|{started_time: 0, total_time:600, left_time:0, total_points:100, game: 0, session: 2}
INFO|201710221546|Incrementing session. seesion interval is 3600
DEBUG|201710221543|Saving user data from /Users/oranshus/Library/Application Support/BGU/Numerical Game/userData.cjd
INFO|201710221545|{started_time: 0, total_time:600, left_time:0, total_points:100, game: 0, session: 3}
INFO|201710221546|Incrementing session. seesion interval is 3600
DEBUG|201710221543|Saving user data from /Users/oranshus/Library/Application Support/BGU/Numerical Game/userData.cjd
]]></output>
        </test-case>
        <test-case id="1027" name="DayAfterPre8Am" fullname="UserStatisticsTest.DayAfterPre8Am" methodname="DayAfterPre8Am" classname="UserStatisticsTest" runstate="Runnable" seed="275218732" result="Passed" start-time="2017-11-12 09:43:33Z" end-time="2017-11-12 09:43:33Z" duration="0.012266" asserts="2">
          <output><![CDATA[DEBUG|201710221543|Saving user data from /Users/oranshus/Library/Application Support/BGU/Numerical Game/userData.cjd
DEBUG|201710221544|Loading user data from /Users/oranshus/Library/Application Support/BGU/Numerical Game/userData.cjd
]]></output>
        </test-case>
        <test-case id="1025" name="DayAfterPre8AmCanPlay" fullname="UserStatisticsTest.DayAfterPre8AmCanPlay" methodname="DayAfterPre8AmCanPlay" classname="UserStatisticsTest" runstate="Runnable" seed="1741403423" result="Passed" start-time="2017-11-12 09:43:33Z" end-time="2017-11-12 09:43:33Z" duration="0.028052" asserts="3">
          <output><![CDATA[DEBUG|201710221543|Saving user data from /Users/oranshus/Library/Application Support/BGU/Numerical Game/userData.cjd
DEBUG|201710221544|Loading user data from /Users/oranshus/Library/Application Support/BGU/Numerical Game/userData.cjd
INFO|201710221545|{started_time: 0, total_time:600, left_time:0, total_points:100, game: 0, session: 1}
INFO|201710221546|Incrementing session. seesion interval is 3600
DEBUG|201710221543|Saving user data from /Users/oranshus/Library/Application Support/BGU/Numerical Game/userData.cjd
INFO|201710221545|{started_time: 0, total_time:600, left_time:0, total_points:100, game: 0, session: 2}
INFO|201710221546|Incrementing session. seesion interval is 3600
DEBUG|201710221543|Saving user data from /Users/oranshus/Library/Application Support/BGU/Numerical Game/userData.cjd
INFO|201710221545|{started_time: 0, total_time:600, left_time:0, total_points:100, game: 0, session: 3}
INFO|201710221546|Incrementing session. seesion interval is 3600
DEBUG|201710221543|Saving user data from /Users/oranshus/Library/Application Support/BGU/Numerical Game/userData.cjd
]]></output>
        </test-case>
        <test-case id="1023" name="DayBeforeAfter8Am" fullname="UserStatisticsTest.DayBeforeAfter8Am" methodname="DayBeforeAfter8Am" classname="UserStatisticsTest" runstate="Runnable" seed="106605626" result="Passed" start-time="2017-11-12 09:43:33Z" end-time="2017-11-12 09:43:33Z" duration="0.011899" asserts="3">
          <output><![CDATA[DEBUG|201710221543|Saving user data from /Users/oranshus/Library/Application Support/BGU/Numerical Game/userData.cjd
DEBUG|201710221544|Loading user data from /Users/oranshus/Library/Application Support/BGU/Numerical Game/userData.cjd
]]></output>
        </test-case>
        <test-case id="1024" name="DayBeforePre8Am" fullname="UserStatisticsTest.DayBeforePre8Am" methodname="DayBeforePre8Am" classname="UserStatisticsTest" runstate="Runnable" seed="520970396" result="Passed" start-time="2017-11-12 09:43:33Z" end-time="2017-11-12 09:43:33Z" duration="0.012032" asserts="3">
          <output><![CDATA[DEBUG|201710221543|Saving user data from /Users/oranshus/Library/Application Support/BGU/Numerical Game/userData.cjd
DEBUG|201710221544|Loading user data from /Users/oranshus/Library/Application Support/BGU/Numerical Game/userData.cjd
]]></output>
        </test-case>
        <test-case id="1035" name="MoreTimeInDayPreciseFirstSession" fullname="UserStatisticsTest.MoreTimeInDayPreciseFirstSession" methodname="MoreTimeInDayPreciseFirstSession" classname="UserStatisticsTest" runstate="Runnable" seed="1130760974" result="Passed" start-time="2017-11-12 09:43:33Z" end-time="2017-11-12 09:43:33Z" duration="0.009439" asserts="2">
          <output><![CDATA[DEBUG|201710221543|Saving user data from /Users/oranshus/Library/Application Support/BGU/Numerical Game/userData.cjd
DEBUG|201710221544|Loading user data from /Users/oranshus/Library/Application Support/BGU/Numerical Game/userData.cjd
]]></output>
        </test-case>
        <test-case id="1036" name="MoreTimeInDayPreciseLastSession" fullname="UserStatisticsTest.MoreTimeInDayPreciseLastSession" methodname="MoreTimeInDayPreciseLastSession" classname="UserStatisticsTest" runstate="Runnable" seed="1341485532" result="Passed" start-time="2017-11-12 09:43:33Z" end-time="2017-11-12 09:43:33Z" duration="0.020199" asserts="2">
          <output><![CDATA[DEBUG|201710221543|Saving user data from /Users/oranshus/Library/Application Support/BGU/Numerical Game/userData.cjd
DEBUG|201710221544|Loading user data from /Users/oranshus/Library/Application Support/BGU/Numerical Game/userData.cjd
INFO|201710221545|{started_time: 0, total_time:600, left_time:0, total_points:100, game: 0, session: 1}
INFO|201710221546|Incrementing session. seesion interval is 3600
DEBUG|201710221543|Saving user data from /Users/oranshus/Library/Application Support/BGU/Numerical Game/userData.cjd
INFO|201710221545|{started_time: 0, total_time:600, left_time:0, total_points:100, game: 0, session: 2}
INFO|201710221546|Incrementing session. seesion interval is 3600
DEBUG|201710221543|Saving user data from /Users/oranshus/Library/Application Support/BGU/Numerical Game/userData.cjd
INFO|201710221545|{started_time: 0, total_time:1, left_time:599, total_points:100, game: 0, session: 3}
DEBUG|201710221543|Saving user data from /Users/oranshus/Library/Application Support/BGU/Numerical Game/userData.cjd
]]></output>
        </test-case>
        <test-case id="1033" name="NoMoreTimeInDayFirstSession" fullname="UserStatisticsTest.NoMoreTimeInDayFirstSession" methodname="NoMoreTimeInDayFirstSession" classname="UserStatisticsTest" runstate="Runnable" seed="1957256143" result="Passed" start-time="2017-11-12 09:43:33Z" end-time="2017-11-12 09:43:33Z" duration="0.011705" asserts="2">
          <output><![CDATA[DEBUG|201710221543|Saving user data from /Users/oranshus/Library/Application Support/BGU/Numerical Game/userData.cjd
DEBUG|201710221544|Loading user data from /Users/oranshus/Library/Application Support/BGU/Numerical Game/userData.cjd
]]></output>
        </test-case>
        <test-case id="1034" name="NoMoreTimeInDayLastSession" fullname="UserStatisticsTest.NoMoreTimeInDayLastSession" methodname="NoMoreTimeInDayLastSession" classname="UserStatisticsTest" runstate="Runnable" seed="1746512241" result="Passed" start-time="2017-11-12 09:43:33Z" end-time="2017-11-12 09:43:33Z" duration="0.019342" asserts="2">
          <output><![CDATA[DEBUG|201710221543|Saving user data from /Users/oranshus/Library/Application Support/BGU/Numerical Game/userData.cjd
DEBUG|201710221544|Loading user data from /Users/oranshus/Library/Application Support/BGU/Numerical Game/userData.cjd
INFO|201710221545|{started_time: 0, total_time:600, left_time:0, total_points:100, game: 0, session: 1}
INFO|201710221546|Incrementing session. seesion interval is 3600
DEBUG|201710221543|Saving user data from /Users/oranshus/Library/Application Support/BGU/Numerical Game/userData.cjd
INFO|201710221545|{started_time: 0, total_time:600, left_time:0, total_points:100, game: 0, session: 2}
INFO|201710221546|Incrementing session. seesion interval is 3600
DEBUG|201710221543|Saving user data from /Users/oranshus/Library/Application Support/BGU/Numerical Game/userData.cjd
INFO|201710221545|{started_time: 0, total_time:1, left_time:599, total_points:100, game: 0, session: 3}
DEBUG|201710221543|Saving user data from /Users/oranshus/Library/Application Support/BGU/Numerical Game/userData.cjd
]]></output>
        </test-case>
        <test-case id="1037" name="NoMoreTimeInDayPreciseFirstSession" fullname="UserStatisticsTest.NoMoreTimeInDayPreciseFirstSession" methodname="NoMoreTimeInDayPreciseFirstSession" classname="UserStatisticsTest" runstate="Runnable" seed="1771044093" result="Passed" start-time="2017-11-12 09:43:33Z" end-time="2017-11-12 09:43:33Z" duration="0.012143" asserts="2">
          <output><![CDATA[DEBUG|201710221543|Saving user data from /Users/oranshus/Library/Application Support/BGU/Numerical Game/userData.cjd
DEBUG|201710221544|Loading user data from /Users/oranshus/Library/Application Support/BGU/Numerical Game/userData.cjd
]]></output>
        </test-case>
        <test-case id="1038" name="PlayerFullFlow" fullname="UserStatisticsTest.PlayerFullFlow" methodname="PlayerFullFlow" classname="UserStatisticsTest" runstate="Runnable" seed="1776336535" result="Passed" start-time="2017-11-12 09:43:33Z" end-time="2017-11-12 09:43:33Z" duration="0.067774" asserts="39">
          <output><![CDATA[DEBUG|201710221543|Saving user data from /Users/oranshus/Library/Application Support/BGU/Numerical Game/userData.cjd
DEBUG|201710221544|Loading user data from /Users/oranshus/Library/Application Support/BGU/Numerical Game/userData.cjd
DEBUG|1111|=====Starting Day 0=====
INFO|201710221545|{started_time: 0, total_time:300, left_time:300, total_points:500, game: 0, session: 1}
DEBUG|201710221543|Saving user data from /Users/oranshus/Library/Application Support/BGU/Numerical Game/userData.cjd
INFO|201710221545|{started_time: 0, total_time:301, left_time:-1, total_points:500, game: 0, session: 1}
INFO|201710221546|Incrementing session. seesion interval is 3600
DEBUG|201710221543|Saving user data from /Users/oranshus/Library/Application Support/BGU/Numerical Game/userData.cjd
INFO|201710221545|{started_time: 0, total_time:600, left_time:0, total_points:2500, game: 0, session: 2}
INFO|201710221546|Incrementing session. seesion interval is 3600
DEBUG|201710221543|Saving user data from /Users/oranshus/Library/Application Support/BGU/Numerical Game/userData.cjd
INFO|201710221545|{started_time: 0, total_time:200, left_time:400, total_points:2500, game: 0, session: 3}
DEBUG|201710221543|Saving user data from /Users/oranshus/Library/Application Support/BGU/Numerical Game/userData.cjd
INFO|201710221545|{started_time: 0, total_time:200, left_time:200, total_points:2500, game: 0, session: 3}
DEBUG|201710221543|Saving user data from /Users/oranshus/Library/Application Support/BGU/Numerical Game/userData.cjd
INFO|201710221545|{started_time: 0, total_time:200, left_time:0, total_points:2500, game: 0, session: 3}
INFO|201710221546|Incrementing session. seesion interval is 3600
DEBUG|201710221543|Saving user data from /Users/oranshus/Library/Application Support/BGU/Numerical Game/userData.cjd
DEBUG|1111|=====Starting Day 1=====
INFO|201710221545|{started_time: 0, total_time:300, left_time:300, total_points:500, game: 0, session: 1}
DEBUG|201710221543|Saving user data from /Users/oranshus/Library/Application Support/BGU/Numerical Game/userData.cjd
INFO|201710221545|{started_time: 0, total_time:301, left_time:-1, total_points:500, game: 0, session: 1}
INFO|201710221546|Incrementing session. seesion interval is 3600
DEBUG|201710221543|Saving user data from /Users/oranshus/Library/Application Support/BGU/Numerical Game/userData.cjd
INFO|201710221545|{started_time: 0, total_time:600, left_time:0, total_points:2500, game: 0, session: 2}
INFO|201710221546|Incrementing session. seesion interval is 3600
DEBUG|201710221543|Saving user data from /Users/oranshus/Library/Application Support/BGU/Numerical Game/userData.cjd
INFO|201710221545|{started_time: 0, total_time:200, left_time:400, total_points:2500, game: 0, session: 3}
DEBUG|201710221543|Saving user data from /Users/oranshus/Library/Application Support/BGU/Numerical Game/userData.cjd
INFO|201710221545|{started_time: 0, total_time:200, left_time:200, total_points:2500, game: 0, session: 3}
DEBUG|201710221543|Saving user data from /Users/oranshus/Library/Application Support/BGU/Numerical Game/userData.cjd
INFO|201710221545|{started_time: 0, total_time:200, left_time:0, total_points:2500, game: 0, session: 3}
INFO|201710221546|Incrementing session. seesion interval is 3600
DEBUG|201710221543|Saving user data from /Users/oranshus/Library/Application Support/BGU/Numerical Game/userData.cjd
DEBUG|1111|=====Starting Day 2=====
INFO|201710221545|{started_time: 0, total_time:300, left_time:300, total_points:500, game: 0, session: 1}
DEBUG|201710221543|Saving user data from /Users/oranshus/Library/Application Support/BGU/Numerical Game/userData.cjd
INFO|201710221545|{started_time: 0, total_time:301, left_time:-1, total_points:500, game: 0, session: 1}
INFO|201710221546|Incrementing session. seesion interval is 3600
DEBUG|201710221543|Saving user data from /Users/oranshus/Library/Application Support/BGU/Numerical Game/userData.cjd
INFO|201710221545|{started_time: 0, total_time:600, left_time:0, total_points:2500, game: 0, session: 2}
INFO|201710221546|Incrementing session. seesion interval is 3600
DEBUG|201710221543|Saving user data from /Users/oranshus/Library/Application Support/BGU/Numerical Game/userData.cjd
INFO|201710221545|{started_time: 0, total_time:200, left_time:400, total_points:2500, game: 0, session: 3}
DEBUG|201710221543|Saving user data from /Users/oranshus/Library/Application Support/BGU/Numerical Game/userData.cjd
INFO|201710221545|{started_time: 0, total_time:200, left_time:200, total_points:2500, game: 0, session: 3}
DEBUG|201710221543|Saving user data from /Users/oranshus/Library/Application Support/BGU/Numerical Game/userData.cjd
INFO|201710221545|{started_time: 0, total_time:200, left_time:0, total_points:2500, game: 0, session: 3}
INFO|201710221546|Incrementing session. seesion interval is 3600
DEBUG|201710221543|Saving user data from /Users/oranshus/Library/Application Support/BGU/Numerical Game/userData.cjd
]]></output>
        </test-case>
        <test-case id="1022" name="Sanity" fullname="UserStatisticsTest.Sanity" methodname="Sanity" classname="UserStatisticsTest" runstate="Runnable" seed="957359111" result="Passed" start-time="2017-11-12 09:43:33Z" end-time="2017-11-12 09:43:33Z" duration="0.012195" asserts="2">
          <output><![CDATA[DEBUG|201710221543|Saving user data from /Users/oranshus/Library/Application Support/BGU/Numerical Game/userData.cjd
DEBUG|201710221544|Loading user data from /Users/oranshus/Library/Application Support/BGU/Numerical Game/userData.cjd
]]></output>
        </test-case>
      </test-suite>
    </test-suite>
  </test-suite>
</test-run>