<?xml version="1.0" encoding="utf-8"?>
<test-run id="2" testcasecount="17" result="Passed" total="17" passed="17" failed="0" inconclusive="0" skipped="0" asserts="74" engine-version="3.5.0.0" clr-version="2.0.50727.1433" start-time="2017-11-12 09:11:11Z" end-time="2017-11-12 09:11:12Z" duration="0.708951">
  <test-suite type="TestSuite" id="1020" name="Numerical Game" fullname="Numerical Game" runstate="Runnable" testcasecount="17" result="Passed" start-time="2017-11-12 09:11:11Z" end-time="2017-11-12 09:11:12Z" duration="0.708951" total="17" passed="17" failed="0" inconclusive="0" skipped="0" asserts="74">
    <test-suite type="Assembly" id="1039" name="Assembly-CSharp-Editor.dll" fullname="/Users/oranshus/CandyCrushPsycho/Library/ScriptAssemblies/Assembly-CSharp-Editor.dll" runstate="Runnable" testcasecount="17" result="Passed" start-time="2017-11-12 09:11:12Z" end-time="2017-11-12 09:11:12Z" duration="0.594394" total="17" passed="17" failed="0" inconclusive="0" skipped="0" asserts="74">
      <properties>
        <property name="_PID" value="50444" />
        <property name="_APPDOMAIN" value="Unity Child Domain" />
      </properties>
      <test-suite type="TestFixture" id="1021" name="UserStatisticsTest" fullname="UserStatisticsTest" classname="UserStatisticsTest" runstate="Runnable" testcasecount="17" result="Passed" start-time="2017-11-12 09:11:12Z" end-time="2017-11-12 09:11:12Z" duration="0.588751" total="17" passed="17" failed="0" inconclusive="0" skipped="0" asserts="74">
        <test-case id="1030" name="AfterAllPlayDatesAfter8Am" fullname="UserStatisticsTest.AfterAllPlayDatesAfter8Am" methodname="AfterAllPlayDatesAfter8Am" classname="UserStatisticsTest" runstate="Runnable" seed="185061347" result="Passed" start-time="2017-11-12 09:11:12Z" end-time="2017-11-12 09:11:12Z" duration="0.077358" asserts="2">
          <output><![CDATA[DEBUG|201710221543|Saving user data from /Users/oranshus/Library/Application Support/BGU/Numerical Game/userData.cjd
DEBUG|201710221544|Loading user data from /Users/oranshus/Library/Application Support/BGU/Numerical Game/userData.cjd
DEBUG|201711021421|Checking CanPlay status for 11/15/2017 08:00:01
]]></output>
        </test-case>
        <test-case id="1029" name="AfterAllPlayDatesPre8Am" fullname="UserStatisticsTest.AfterAllPlayDatesPre8Am" methodname="AfterAllPlayDatesPre8Am" classname="UserStatisticsTest" runstate="Runnable" seed="1964859859" result="Passed" start-time="2017-11-12 09:11:12Z" end-time="2017-11-12 09:11:12Z" duration="0.012043" asserts="2">
          <output><![CDATA[DEBUG|201710221543|Saving user data from /Users/oranshus/Library/Application Support/BGU/Numerical Game/userData.cjd
DEBUG|201710221544|Loading user data from /Users/oranshus/Library/Application Support/BGU/Numerical Game/userData.cjd
DEBUG|201711021421|Checking CanPlay status for 11/15/2017 08:00:01
]]></output>
        </test-case>
        <test-case id="1031" name="BannedPlayerAfter8Am" fullname="UserStatisticsTest.BannedPlayerAfter8Am" methodname="BannedPlayerAfter8Am" classname="UserStatisticsTest" runstate="Runnable" seed="1875647523" result="Passed" start-time="2017-11-12 09:11:12Z" end-time="2017-11-12 09:11:12Z" duration="0.016101" asserts="2">
          <output><![CDATA[DEBUG|201710221543|Saving user data from /Users/oranshus/Library/Application Support/BGU/Numerical Game/userData.cjd
DEBUG|201710221544|Loading user data from /Users/oranshus/Library/Application Support/BGU/Numerical Game/userData.cjd
DEBUG|201710221543|Saving user data from /Users/oranshus/Library/Application Support/BGU/Numerical Game/userData.cjd
DEBUG|201711021421|Checking CanPlay status for 11/15/2017 08:00:01
]]></output>
        </test-case>
        <test-case id="1032" name="BannedPlayerBefore8Am" fullname="UserStatisticsTest.BannedPlayerBefore8Am" methodname="BannedPlayerBefore8Am" classname="UserStatisticsTest" runstate="Runnable" seed="312630564" result="Passed" start-time="2017-11-12 09:11:12Z" end-time="2017-11-12 09:11:12Z" duration="0.016256" asserts="2">
          <output><![CDATA[DEBUG|201710221543|Saving user data from /Users/oranshus/Library/Application Support/BGU/Numerical Game/userData.cjd
DEBUG|201710221544|Loading user data from /Users/oranshus/Library/Application Support/BGU/Numerical Game/userData.cjd
DEBUG|201710221543|Saving user data from /Users/oranshus/Library/Application Support/BGU/Numerical Game/userData.cjd
DEBUG|201711021421|Checking CanPlay status for 11/15/2017 07:59:59
]]></output>
        </test-case>
        <test-case id="1028" name="DayAfterAfter8Am" fullname="UserStatisticsTest.DayAfterAfter8Am" methodname="DayAfterAfter8Am" classname="UserStatisticsTest" runstate="Runnable" seed="1667628248" result="Passed" start-time="2017-11-12 09:11:12Z" end-time="2017-11-12 09:11:12Z" duration="0.012022" asserts="2">
          <output><![CDATA[DEBUG|201710221543|Saving user data from /Users/oranshus/Library/Application Support/BGU/Numerical Game/userData.cjd
DEBUG|201710221544|Loading user data from /Users/oranshus/Library/Application Support/BGU/Numerical Game/userData.cjd
DEBUG|201711021421|Checking CanPlay status for 11/13/2017 08:00:01
]]></output>
        </test-case>
        <test-case id="1026" name="DayAfterAfter8AmCanPlay" fullname="UserStatisticsTest.DayAfterAfter8AmCanPlay" methodname="DayAfterAfter8AmCanPlay" classname="UserStatisticsTest" runstate="Runnable" seed="2052283564" result="Passed" start-time="2017-11-12 09:11:12Z" end-time="2017-11-12 09:11:12Z" duration="0.023720" asserts="2">
          <output><![CDATA[DEBUG|201710221543|Saving user data from /Users/oranshus/Library/Application Support/BGU/Numerical Game/userData.cjd
DEBUG|201710221544|Loading user data from /Users/oranshus/Library/Application Support/BGU/Numerical Game/userData.cjd
INFO|201710221545|Adding 600 play time to 08:00. 0 session time left
INFO|201710221546|Incrementing session. seesion interval is 3600
DEBUG|201710221543|Saving user data from /Users/oranshus/Library/Application Support/BGU/Numerical Game/userData.cjd
INFO|201710221545|Adding 600 play time to 08:00. 0 session time left
INFO|201710221546|Incrementing session. seesion interval is 3600
DEBUG|201710221543|Saving user data from /Users/oranshus/Library/Application Support/BGU/Numerical Game/userData.cjd
INFO|201710221545|Adding 600 play time to 08:00. 0 session time left
INFO|201710221546|Incrementing session. seesion interval is 3600
DEBUG|201710221543|Saving user data from /Users/oranshus/Library/Application Support/BGU/Numerical Game/userData.cjd
DEBUG|201711021421|Checking CanPlay status for 11/13/2017 08:00:01
]]></output>
        </test-case>
        <test-case id="1027" name="DayAfterPre8Am" fullname="UserStatisticsTest.DayAfterPre8Am" methodname="DayAfterPre8Am" classname="UserStatisticsTest" runstate="Runnable" seed="238666434" result="Passed" start-time="2017-11-12 09:11:12Z" end-time="2017-11-12 09:11:12Z" duration="0.012029" asserts="2">
          <output><![CDATA[DEBUG|201710221543|Saving user data from /Users/oranshus/Library/Application Support/BGU/Numerical Game/userData.cjd
DEBUG|201710221544|Loading user data from /Users/oranshus/Library/Application Support/BGU/Numerical Game/userData.cjd
DEBUG|201711021421|Checking CanPlay status for 11/13/2017 04:00:00
]]></output>
        </test-case>
        <test-case id="1025" name="DayAfterPre8AmCanPlay" fullname="UserStatisticsTest.DayAfterPre8AmCanPlay" methodname="DayAfterPre8AmCanPlay" classname="UserStatisticsTest" runstate="Runnable" seed="262630606" result="Passed" start-time="2017-11-12 09:11:12Z" end-time="2017-11-12 09:11:12Z" duration="0.032457" asserts="3">
          <output><![CDATA[DEBUG|201710221543|Saving user data from /Users/oranshus/Library/Application Support/BGU/Numerical Game/userData.cjd
DEBUG|201710221544|Loading user data from /Users/oranshus/Library/Application Support/BGU/Numerical Game/userData.cjd
INFO|201710221545|Adding 600 play time to 08:00. 0 session time left
INFO|201710221546|Incrementing session. seesion interval is 3600
DEBUG|201710221543|Saving user data from /Users/oranshus/Library/Application Support/BGU/Numerical Game/userData.cjd
INFO|201710221545|Adding 600 play time to 08:00. 0 session time left
INFO|201710221546|Incrementing session. seesion interval is 3600
DEBUG|201710221543|Saving user data from /Users/oranshus/Library/Application Support/BGU/Numerical Game/userData.cjd
INFO|201710221545|Adding 600 play time to 08:00. 0 session time left
INFO|201710221546|Incrementing session. seesion interval is 3600
DEBUG|201710221543|Saving user data from /Users/oranshus/Library/Application Support/BGU/Numerical Game/userData.cjd
DEBUG|201711021421|Checking CanPlay status for 11/13/2017 04:00:00
]]></output>
        </test-case>
        <test-case id="1023" name="DayBeforeAfter8Am" fullname="UserStatisticsTest.DayBeforeAfter8Am" methodname="DayBeforeAfter8Am" classname="UserStatisticsTest" runstate="Runnable" seed="665449360" result="Passed" start-time="2017-11-12 09:11:12Z" end-time="2017-11-12 09:11:12Z" duration="0.016748" asserts="3">
          <output><![CDATA[DEBUG|201710221543|Saving user data from /Users/oranshus/Library/Application Support/BGU/Numerical Game/userData.cjd
DEBUG|201710221544|Loading user data from /Users/oranshus/Library/Application Support/BGU/Numerical Game/userData.cjd
DEBUG|201711021421|Checking CanPlay status for 11/11/2017 08:00:01
]]></output>
        </test-case>
        <test-case id="1024" name="DayBeforePre8Am" fullname="UserStatisticsTest.DayBeforePre8Am" methodname="DayBeforePre8Am" classname="UserStatisticsTest" runstate="Runnable" seed="459648005" result="Passed" start-time="2017-11-12 09:11:12Z" end-time="2017-11-12 09:11:12Z" duration="0.011872" asserts="3">
          <output><![CDATA[DEBUG|201710221543|Saving user data from /Users/oranshus/Library/Application Support/BGU/Numerical Game/userData.cjd
DEBUG|201710221544|Loading user data from /Users/oranshus/Library/Application Support/BGU/Numerical Game/userData.cjd
DEBUG|201711021421|Checking CanPlay status for 11/11/2017 07:30:00
]]></output>
        </test-case>
        <test-case id="1035" name="MoreTimeInDayPreciseFirstSession" fullname="UserStatisticsTest.MoreTimeInDayPreciseFirstSession" methodname="MoreTimeInDayPreciseFirstSession" classname="UserStatisticsTest" runstate="Runnable" seed="369601487" result="Passed" start-time="2017-11-12 09:11:12Z" end-time="2017-11-12 09:11:12Z" duration="0.016432" asserts="2">
          <output><![CDATA[DEBUG|201710221543|Saving user data from /Users/oranshus/Library/Application Support/BGU/Numerical Game/userData.cjd
DEBUG|201710221544|Loading user data from /Users/oranshus/Library/Application Support/BGU/Numerical Game/userData.cjd
DEBUG|201711021421|Checking CanPlay status for 11/12/2017 21:30:00
]]></output>
        </test-case>
        <test-case id="1036" name="MoreTimeInDayPreciseLastSession" fullname="UserStatisticsTest.MoreTimeInDayPreciseLastSession" methodname="MoreTimeInDayPreciseLastSession" classname="UserStatisticsTest" runstate="Runnable" seed="1625469425" result="Passed" start-time="2017-11-12 09:11:12Z" end-time="2017-11-12 09:11:12Z" duration="0.023948" asserts="2">
          <output><![CDATA[DEBUG|201710221543|Saving user data from /Users/oranshus/Library/Application Support/BGU/Numerical Game/userData.cjd
DEBUG|201710221544|Loading user data from /Users/oranshus/Library/Application Support/BGU/Numerical Game/userData.cjd
INFO|201710221545|Adding 600 play time to 08:00. 0 session time left
INFO|201710221546|Incrementing session. seesion interval is 3600
DEBUG|201710221543|Saving user data from /Users/oranshus/Library/Application Support/BGU/Numerical Game/userData.cjd
INFO|201710221545|Adding 600 play time to 08:00. 0 session time left
INFO|201710221546|Incrementing session. seesion interval is 3600
DEBUG|201710221543|Saving user data from /Users/oranshus/Library/Application Support/BGU/Numerical Game/userData.cjd
INFO|201710221545|Adding 1 play time to 08:00. 599 session time left
DEBUG|201710221543|Saving user data from /Users/oranshus/Library/Application Support/BGU/Numerical Game/userData.cjd
DEBUG|201711021421|Checking CanPlay status for 11/12/2017 23:49:59
]]></output>
        </test-case>
        <test-case id="1033" name="NoMoreTimeInDayFirstSession" fullname="UserStatisticsTest.NoMoreTimeInDayFirstSession" methodname="NoMoreTimeInDayFirstSession" classname="UserStatisticsTest" runstate="Runnable" seed="1301128807" result="Passed" start-time="2017-11-12 09:11:12Z" end-time="2017-11-12 09:11:12Z" duration="0.011670" asserts="2">
          <output><![CDATA[DEBUG|201710221543|Saving user data from /Users/oranshus/Library/Application Support/BGU/Numerical Game/userData.cjd
DEBUG|201710221544|Loading user data from /Users/oranshus/Library/Application Support/BGU/Numerical Game/userData.cjd
DEBUG|201711021421|Checking CanPlay status for 11/12/2017 23:30:00
]]></output>
        </test-case>
        <test-case id="1034" name="NoMoreTimeInDayLastSession" fullname="UserStatisticsTest.NoMoreTimeInDayLastSession" methodname="NoMoreTimeInDayLastSession" classname="UserStatisticsTest" runstate="Runnable" seed="868070105" result="Passed" start-time="2017-11-12 09:11:12Z" end-time="2017-11-12 09:11:12Z" duration="0.024856" asserts="2">
          <output><![CDATA[DEBUG|201710221543|Saving user data from /Users/oranshus/Library/Application Support/BGU/Numerical Game/userData.cjd
DEBUG|201710221544|Loading user data from /Users/oranshus/Library/Application Support/BGU/Numerical Game/userData.cjd
INFO|201710221545|Adding 600 play time to 08:00. 0 session time left
INFO|201710221546|Incrementing session. seesion interval is 3600
DEBUG|201710221543|Saving user data from /Users/oranshus/Library/Application Support/BGU/Numerical Game/userData.cjd
INFO|201710221545|Adding 600 play time to 08:00. 0 session time left
INFO|201710221546|Incrementing session. seesion interval is 3600
DEBUG|201710221543|Saving user data from /Users/oranshus/Library/Application Support/BGU/Numerical Game/userData.cjd
INFO|201710221545|Adding 1 play time to 08:00. 599 session time left
DEBUG|201710221543|Saving user data from /Users/oranshus/Library/Application Support/BGU/Numerical Game/userData.cjd
DEBUG|201711021421|Checking CanPlay status for 11/12/2017 23:50:10
]]></output>
        </test-case>
        <test-case id="1037" name="NoMoreTimeInDayPreciseFirstSession" fullname="UserStatisticsTest.NoMoreTimeInDayPreciseFirstSession" methodname="NoMoreTimeInDayPreciseFirstSession" classname="UserStatisticsTest" runstate="Runnable" seed="1474063965" result="Passed" start-time="2017-11-12 09:11:12Z" end-time="2017-11-12 09:11:12Z" duration="0.016926" asserts="2">
          <output><![CDATA[DEBUG|201710221543|Saving user data from /Users/oranshus/Library/Application Support/BGU/Numerical Game/userData.cjd
DEBUG|201710221544|Loading user data from /Users/oranshus/Library/Application Support/BGU/Numerical Game/userData.cjd
DEBUG|201711021421|Checking CanPlay status for 11/12/2017 21:30:01
]]></output>
        </test-case>
        <test-case id="1038" name="PlayerFullFlow" fullname="UserStatisticsTest.PlayerFullFlow" methodname="PlayerFullFlow" classname="UserStatisticsTest" runstate="Runnable" seed="634986654" result="Passed" start-time="2017-11-12 09:11:12Z" end-time="2017-11-12 09:11:12Z" duration="0.109909" asserts="39">
          <output><![CDATA[DEBUG|201710221543|Saving user data from /Users/oranshus/Library/Application Support/BGU/Numerical Game/userData.cjd
DEBUG|201710221544|Loading user data from /Users/oranshus/Library/Application Support/BGU/Numerical Game/userData.cjd
DEBUG|1111|=====Starting Day 0=====
DEBUG|201711021421|Checking CanPlay status for 11/12/2017 00:00:00
DEBUG|201711021421|Checking CanPlay status for 11/12/2017 09:00:00
INFO|201710221545|Adding 300 play time to 09:00. 300 session time left
DEBUG|201710221543|Saving user data from /Users/oranshus/Library/Application Support/BGU/Numerical Game/userData.cjd
DEBUG|201711021421|Checking CanPlay status for 11/12/2017 09:00:00
INFO|201710221545|Adding 301 play time to 09:00. -1 session time left
INFO|201710221546|Incrementing session. seesion interval is 3600
DEBUG|201710221543|Saving user data from /Users/oranshus/Library/Application Support/BGU/Numerical Game/userData.cjd
DEBUG|201711021421|Checking CanPlay status for 11/12/2017 09:00:00
DEBUG|201711021421|Checking CanPlay status for 11/12/2017 10:00:00
INFO|201710221545|Adding 600 play time to 10:00. 0 session time left
INFO|201710221546|Incrementing session. seesion interval is 3600
DEBUG|201710221543|Saving user data from /Users/oranshus/Library/Application Support/BGU/Numerical Game/userData.cjd
DEBUG|201711021421|Checking CanPlay status for 11/12/2017 10:00:00
INFO|201710221545|Adding 200 play time to 11:00. 400 session time left
DEBUG|201710221543|Saving user data from /Users/oranshus/Library/Application Support/BGU/Numerical Game/userData.cjd
DEBUG|201711021421|Checking CanPlay status for 11/12/2017 11:00:00
INFO|201710221545|Adding 200 play time to 11:00. 200 session time left
DEBUG|201710221543|Saving user data from /Users/oranshus/Library/Application Support/BGU/Numerical Game/userData.cjd
DEBUG|201711021421|Checking CanPlay status for 11/12/2017 11:00:00
INFO|201710221545|Adding 200 play time to 11:00. 0 session time left
INFO|201710221546|Incrementing session. seesion interval is 3600
DEBUG|201710221543|Saving user data from /Users/oranshus/Library/Application Support/BGU/Numerical Game/userData.cjd
DEBUG|201711021421|Checking CanPlay status for 11/12/2017 11:00:00
DEBUG|1111|=====Starting Day 1=====
DEBUG|201711021421|Checking CanPlay status for 11/13/2017 00:00:00
DEBUG|201711021421|Checking CanPlay status for 11/13/2017 11:00:00
INFO|201710221545|Adding 300 play time to 11:00. 300 session time left
DEBUG|201710221543|Saving user data from /Users/oranshus/Library/Application Support/BGU/Numerical Game/userData.cjd
DEBUG|201711021421|Checking CanPlay status for 11/13/2017 11:00:00
INFO|201710221545|Adding 301 play time to 11:00. -1 session time left
INFO|201710221546|Incrementing session. seesion interval is 3600
DEBUG|201710221543|Saving user data from /Users/oranshus/Library/Application Support/BGU/Numerical Game/userData.cjd
DEBUG|201711021421|Checking CanPlay status for 11/13/2017 11:00:00
DEBUG|201711021421|Checking CanPlay status for 11/13/2017 12:00:00
INFO|201710221545|Adding 600 play time to 12:00. 0 session time left
INFO|201710221546|Incrementing session. seesion interval is 3600
DEBUG|201710221543|Saving user data from /Users/oranshus/Library/Application Support/BGU/Numerical Game/userData.cjd
DEBUG|201711021421|Checking CanPlay status for 11/13/2017 12:00:00
INFO|201710221545|Adding 200 play time to 13:00. 400 session time left
DEBUG|201710221543|Saving user data from /Users/oranshus/Library/Application Support/BGU/Numerical Game/userData.cjd
DEBUG|201711021421|Checking CanPlay status for 11/13/2017 13:00:00
INFO|201710221545|Adding 200 play time to 13:00. 200 session time left
DEBUG|201710221543|Saving user data from /Users/oranshus/Library/Application Support/BGU/Numerical Game/userData.cjd
DEBUG|201711021421|Checking CanPlay status for 11/13/2017 13:00:00
INFO|201710221545|Adding 200 play time to 13:00. 0 session time left
INFO|201710221546|Incrementing session. seesion interval is 3600
DEBUG|201710221543|Saving user data from /Users/oranshus/Library/Application Support/BGU/Numerical Game/userData.cjd
DEBUG|201711021421|Checking CanPlay status for 11/13/2017 13:00:00
DEBUG|1111|=====Starting Day 2=====
DEBUG|201711021421|Checking CanPlay status for 11/14/2017 02:00:00
DEBUG|201711021421|Checking CanPlay status for 11/14/2017 11:00:00
INFO|201710221545|Adding 300 play time to 11:00. 300 session time left
DEBUG|201710221543|Saving user data from /Users/oranshus/Library/Application Support/BGU/Numerical Game/userData.cjd
DEBUG|201711021421|Checking CanPlay status for 11/14/2017 11:00:00
INFO|201710221545|Adding 301 play time to 11:00. -1 session time left
INFO|201710221546|Incrementing session. seesion interval is 3600
DEBUG|201710221543|Saving user data from /Users/oranshus/Library/Application Support/BGU/Numerical Game/userData.cjd
DEBUG|201711021421|Checking CanPlay status for 11/14/2017 11:00:00
DEBUG|201711021421|Checking CanPlay status for 11/14/2017 12:00:00
INFO|201710221545|Adding 600 play time to 12:00. 0 session time left
INFO|201710221546|Incrementing session. seesion interval is 3600
DEBUG|201710221543|Saving user data from /Users/oranshus/Library/Application Support/BGU/Numerical Game/userData.cjd
DEBUG|201711021421|Checking CanPlay status for 11/14/2017 12:00:00
INFO|201710221545|Adding 200 play time to 13:00. 400 session time left
DEBUG|201710221543|Saving user data from /Users/oranshus/Library/Application Support/BGU/Numerical Game/userData.cjd
DEBUG|201711021421|Checking CanPlay status for 11/14/2017 13:00:00
INFO|201710221545|Adding 200 play time to 13:00. 200 session time left
DEBUG|201710221543|Saving user data from /Users/oranshus/Library/Application Support/BGU/Numerical Game/userData.cjd
DEBUG|201711021421|Checking CanPlay status for 11/14/2017 13:00:00
INFO|201710221545|Adding 200 play time to 13:00. 0 session time left
INFO|201710221546|Incrementing session. seesion interval is 3600
DEBUG|201710221543|Saving user data from /Users/oranshus/Library/Application Support/BGU/Numerical Game/userData.cjd
DEBUG|201711021421|Checking CanPlay status for 11/14/2017 13:00:00
]]></output>
        </test-case>
        <test-case id="1022" name="Sanity" fullname="UserStatisticsTest.Sanity" methodname="Sanity" classname="UserStatisticsTest" runstate="Runnable" seed="1379005674" result="Passed" start-time="2017-11-12 09:11:12Z" end-time="2017-11-12 09:11:12Z" duration="0.012341" asserts="2">
          <output><![CDATA[DEBUG|201710221543|Saving user data from /Users/oranshus/Library/Application Support/BGU/Numerical Game/userData.cjd
DEBUG|201710221544|Loading user data from /Users/oranshus/Library/Application Support/BGU/Numerical Game/userData.cjd
DEBUG|201711021421|Checking CanPlay status for 11/12/2017 08:00:01
]]></output>
        </test-case>
      </test-suite>
    </test-suite>
  </test-suite>
</test-run>