<?xml version="1.0" encoding="utf-8"?>
<test-run id="2" testcasecount="17" result="Passed" total="17" passed="17" failed="0" inconclusive="0" skipped="0" asserts="74" engine-version="3.5.0.0" clr-version="2.0.50727.1433" start-time="2017-11-12 10:03:53Z" end-time="2017-11-12 10:03:54Z" duration="0.653711">
  <test-suite type="TestSuite" id="1020" name="Numerical Game" fullname="Numerical Game" runstate="Runnable" testcasecount="17" result="Passed" start-time="2017-11-12 10:03:53Z" end-time="2017-11-12 10:03:54Z" duration="0.653711" total="17" passed="17" failed="0" inconclusive="0" skipped="0" asserts="74">
    <test-suite type="Assembly" id="1039" name="Assembly-CSharp-Editor.dll" fullname="/Users/oranshus/CandyCrushPsycho/Library/ScriptAssemblies/Assembly-CSharp-Editor.dll" runstate="Runnable" testcasecount="17" result="Passed" start-time="2017-11-12 10:03:53Z" end-time="2017-11-12 10:03:54Z" duration="0.559092" total="17" passed="17" failed="0" inconclusive="0" skipped="0" asserts="74">
      <properties>
        <property name="_PID" value="51592" />
        <property name="_APPDOMAIN" value="Unity Child Domain" />
      </properties>
      <test-suite type="TestFixture" id="1021" name="UserStatisticsTest" fullname="UserStatisticsTest" classname="UserStatisticsTest" runstate="Runnable" testcasecount="17" result="Passed" start-time="2017-11-12 10:03:53Z" end-time="2017-11-12 10:03:54Z" duration="0.554088" total="17" passed="17" failed="0" inconclusive="0" skipped="0" asserts="74">
        <test-case id="1030" name="AfterAllPlayDatesAfter8Am" fullname="UserStatisticsTest.AfterAllPlayDatesAfter8Am" methodname="AfterAllPlayDatesAfter8Am" classname="UserStatisticsTest" runstate="Runnable" seed="1488153167" result="Passed" start-time="2017-11-12 10:03:53Z" end-time="2017-11-12 10:03:53Z" duration="0.078001" asserts="2">
          <output><![CDATA[DEBUG|201710221543|Saving user data from /Users/oranshus/Library/Application Support/BGU/Numerical Game/userData.cjd
DEBUG|201710221544|Loading user data from /Users/oranshus/Library/Application Support/BGU/Numerical Game/userData.cjd
]]></output>
        </test-case>
        <test-case id="1029" name="AfterAllPlayDatesPre8Am" fullname="UserStatisticsTest.AfterAllPlayDatesPre8Am" methodname="AfterAllPlayDatesPre8Am" classname="UserStatisticsTest" runstate="Runnable" seed="2060865875" result="Passed" start-time="2017-11-12 10:03:53Z" end-time="2017-11-12 10:03:53Z" duration="0.011817" asserts="2">
          <output><![CDATA[DEBUG|201710221543|Saving user data from /Users/oranshus/Library/Application Support/BGU/Numerical Game/userData.cjd
DEBUG|201710221544|Loading user data from /Users/oranshus/Library/Application Support/BGU/Numerical Game/userData.cjd
]]></output>
        </test-case>
        <test-case id="1031" name="BannedPlayerAfter8Am" fullname="UserStatisticsTest.BannedPlayerAfter8Am" methodname="BannedPlayerAfter8Am" classname="UserStatisticsTest" runstate="Runnable" seed="12150964" result="Passed" start-time="2017-11-12 10:03:53Z" end-time="2017-11-12 10:03:53Z" duration="0.016306" asserts="2">
          <output><![CDATA[DEBUG|201710221543|Saving user data from /Users/oranshus/Library/Application Support/BGU/Numerical Game/userData.cjd
DEBUG|201710221544|Loading user data from /Users/oranshus/Library/Application Support/BGU/Numerical Game/userData.cjd
DEBUG|201710221543|Saving user data from /Users/oranshus/Library/Application Support/BGU/Numerical Game/userData.cjd
]]></output>
        </test-case>
        <test-case id="1032" name="BannedPlayerBefore8Am" fullname="UserStatisticsTest.BannedPlayerBefore8Am" methodname="BannedPlayerBefore8Am" classname="UserStatisticsTest" runstate="Runnable" seed="719828025" result="Passed" start-time="2017-11-12 10:03:53Z" end-time="2017-11-12 10:03:53Z" duration="0.011791" asserts="2">
          <output><![CDATA[DEBUG|201710221543|Saving user data from /Users/oranshus/Library/Application Support/BGU/Numerical Game/userData.cjd
DEBUG|201710221544|Loading user data from /Users/oranshus/Library/Application Support/BGU/Numerical Game/userData.cjd
DEBUG|201710221543|Saving user data from /Users/oranshus/Library/Application Support/BGU/Numerical Game/userData.cjd
]]></output>
        </test-case>
        <test-case id="1028" name="DayAfterAfter8Am" fullname="UserStatisticsTest.DayAfterAfter8Am" methodname="DayAfterAfter8Am" classname="UserStatisticsTest" runstate="Runnable" seed="436405841" result="Passed" start-time="2017-11-12 10:03:53Z" end-time="2017-11-12 10:03:53Z" duration="0.012136" asserts="2">
          <output><![CDATA[DEBUG|201710221543|Saving user data from /Users/oranshus/Library/Application Support/BGU/Numerical Game/userData.cjd
DEBUG|201710221544|Loading user data from /Users/oranshus/Library/Application Support/BGU/Numerical Game/userData.cjd
]]></output>
        </test-case>
        <test-case id="1026" name="DayAfterAfter8AmCanPlay" fullname="UserStatisticsTest.DayAfterAfter8AmCanPlay" methodname="DayAfterAfter8AmCanPlay" classname="UserStatisticsTest" runstate="Runnable" seed="1594663761" result="Passed" start-time="2017-11-12 10:03:53Z" end-time="2017-11-12 10:03:53Z" duration="0.052960" asserts="2">
          <output><![CDATA[DEBUG|201710221543|Saving user data from /Users/oranshus/Library/Application Support/BGU/Numerical Game/userData.cjd
DEBUG|201710221544|Loading user data from /Users/oranshus/Library/Application Support/BGU/Numerical Game/userData.cjd
INFO|201710221545|{started_time: 0, total_time:600, left_time:0, total_points:100, game: 0, session: 1}
INFO|201710221546|Incrementing session. seesion interval is 3600
DEBUG|201710221543|Saving user data from /Users/oranshus/Library/Application Support/BGU/Numerical Game/userData.cjd
INFO|201710221545|{started_time: 0, total_time:600, left_time:0, total_points:100, game: 0, session: 2}
INFO|201710221546|Incrementing session. seesion interval is 3600
DEBUG|201710221543|Saving user data from /Users/oranshus/Library/Application Support/BGU/Numerical Game/userData.cjd
INFO|201710221545|{started_time: 0, total_time:600, left_time:0, total_points:100, game: 0, session: 3}
INFO|201710221546|Incrementing session. seesion interval is 3600
DEBUG|201710221543|Saving user data from /Users/oranshus/Library/Application Support/BGU/Numerical Game/userData.cjd
]]></output>
        </test-case>
        <test-case id="1027" name="DayAfterPre8Am" fullname="UserStatisticsTest.DayAfterPre8Am" methodname="DayAfterPre8Am" classname="UserStatisticsTest" runstate="Runnable" seed="1727970276" result="Passed" start-time="2017-11-12 10:03:53Z" end-time="2017-11-12 10:03:53Z" duration="0.012503" asserts="2">
          <output><![CDATA[DEBUG|201710221543|Saving user data from /Users/oranshus/Library/Application Support/BGU/Numerical Game/userData.cjd
DEBUG|201710221544|Loading user data from /Users/oranshus/Library/Application Support/BGU/Numerical Game/userData.cjd
]]></output>
        </test-case>
        <test-case id="1025" name="DayAfterPre8AmCanPlay" fullname="UserStatisticsTest.DayAfterPre8AmCanPlay" methodname="DayAfterPre8AmCanPlay" classname="UserStatisticsTest" runstate="Runnable" seed="1110199447" result="Passed" start-time="2017-11-12 10:03:53Z" end-time="2017-11-12 10:03:53Z" duration="0.025075" asserts="3">
          <output><![CDATA[DEBUG|201710221543|Saving user data from /Users/oranshus/Library/Application Support/BGU/Numerical Game/userData.cjd
DEBUG|201710221544|Loading user data from /Users/oranshus/Library/Application Support/BGU/Numerical Game/userData.cjd
INFO|201710221545|{started_time: 0, total_time:600, left_time:0, total_points:100, game: 0, session: 1}
INFO|201710221546|Incrementing session. seesion interval is 3600
DEBUG|201710221543|Saving user data from /Users/oranshus/Library/Application Support/BGU/Numerical Game/userData.cjd
INFO|201710221545|{started_time: 0, total_time:600, left_time:0, total_points:100, game: 0, session: 2}
INFO|201710221546|Incrementing session. seesion interval is 3600
DEBUG|201710221543|Saving user data from /Users/oranshus/Library/Application Support/BGU/Numerical Game/userData.cjd
INFO|201710221545|{started_time: 0, total_time:600, left_time:0, total_points:100, game: 0, session: 3}
INFO|201710221546|Incrementing session. seesion interval is 3600
DEBUG|201710221543|Saving user data from /Users/oranshus/Library/Application Support/BGU/Numerical Game/userData.cjd
]]></output>
        </test-case>
        <test-case id="1023" name="DayBeforeAfter8Am" fullname="UserStatisticsTest.DayBeforeAfter8Am" methodname="DayBeforeAfter8Am" classname="UserStatisticsTest" runstate="Runnable" seed="2101234128" result="Passed" start-time="2017-11-12 10:03:53Z" end-time="2017-11-12 10:03:53Z" duration="0.012593" asserts="3">
          <output><![CDATA[DEBUG|201710221543|Saving user data from /Users/oranshus/Library/Application Support/BGU/Numerical Game/userData.cjd
DEBUG|201710221544|Loading user data from /Users/oranshus/Library/Application Support/BGU/Numerical Game/userData.cjd
]]></output>
        </test-case>
        <test-case id="1024" name="DayBeforePre8Am" fullname="UserStatisticsTest.DayBeforePre8Am" methodname="DayBeforePre8Am" classname="UserStatisticsTest" runstate="Runnable" seed="1005184868" result="Passed" start-time="2017-11-12 10:03:53Z" end-time="2017-11-12 10:03:53Z" duration="0.012182" asserts="3">
          <output><![CDATA[DEBUG|201710221543|Saving user data from /Users/oranshus/Library/Application Support/BGU/Numerical Game/userData.cjd
DEBUG|201710221544|Loading user data from /Users/oranshus/Library/Application Support/BGU/Numerical Game/userData.cjd
]]></output>
        </test-case>
        <test-case id="1035" name="MoreTimeInDayPreciseFirstSession" fullname="UserStatisticsTest.MoreTimeInDayPreciseFirstSession" methodname="MoreTimeInDayPreciseFirstSession" classname="UserStatisticsTest" runstate="Runnable" seed="1908128612" result="Passed" start-time="2017-11-12 10:03:53Z" end-time="2017-11-12 10:03:53Z" duration="0.011950" asserts="2">
          <output><![CDATA[DEBUG|201710221543|Saving user data from /Users/oranshus/Library/Application Support/BGU/Numerical Game/userData.cjd
DEBUG|201710221544|Loading user data from /Users/oranshus/Library/Application Support/BGU/Numerical Game/userData.cjd
]]></output>
        </test-case>
        <test-case id="1036" name="MoreTimeInDayPreciseLastSession" fullname="UserStatisticsTest.MoreTimeInDayPreciseLastSession" methodname="MoreTimeInDayPreciseLastSession" classname="UserStatisticsTest" runstate="Runnable" seed="382405861" result="Passed" start-time="2017-11-12 10:03:53Z" end-time="2017-11-12 10:03:53Z" duration="0.028097" asserts="2">
          <output><![CDATA[DEBUG|201710221543|Saving user data from /Users/oranshus/Library/Application Support/BGU/Numerical Game/userData.cjd
DEBUG|201710221544|Loading user data from /Users/oranshus/Library/Application Support/BGU/Numerical Game/userData.cjd
INFO|201710221545|{started_time: 0, total_time:600, left_time:0, total_points:100, game: 0, session: 1}
INFO|201710221546|Incrementing session. seesion interval is 3600
DEBUG|201710221543|Saving user data from /Users/oranshus/Library/Application Support/BGU/Numerical Game/userData.cjd
INFO|201710221545|{started_time: 0, total_time:600, left_time:0, total_points:100, game: 0, session: 2}
INFO|201710221546|Incrementing session. seesion interval is 3600
DEBUG|201710221543|Saving user data from /Users/oranshus/Library/Application Support/BGU/Numerical Game/userData.cjd
INFO|201710221545|{started_time: 0, total_time:1, left_time:599, total_points:100, game: 0, session: 3}
DEBUG|201710221543|Saving user data from /Users/oranshus/Library/Application Support/BGU/Numerical Game/userData.cjd
]]></output>
        </test-case>
        <test-case id="1033" name="NoMoreTimeInDayFirstSession" fullname="UserStatisticsTest.NoMoreTimeInDayFirstSession" methodname="NoMoreTimeInDayFirstSession" classname="UserStatisticsTest" runstate="Runnable" seed="1253912622" result="Passed" start-time="2017-11-12 10:03:53Z" end-time="2017-11-12 10:03:54Z" duration="0.011692" asserts="2">
          <output><![CDATA[DEBUG|201710221543|Saving user data from /Users/oranshus/Library/Application Support/BGU/Numerical Game/userData.cjd
DEBUG|201710221544|Loading user data from /Users/oranshus/Library/Application Support/BGU/Numerical Game/userData.cjd
]]></output>
        </test-case>
        <test-case id="1034" name="NoMoreTimeInDayLastSession" fullname="UserStatisticsTest.NoMoreTimeInDayLastSession" methodname="NoMoreTimeInDayLastSession" classname="UserStatisticsTest" runstate="Runnable" seed="1163448173" result="Passed" start-time="2017-11-12 10:03:54Z" end-time="2017-11-12 10:03:54Z" duration="0.020896" asserts="2">
          <output><![CDATA[DEBUG|201710221543|Saving user data from /Users/oranshus/Library/Application Support/BGU/Numerical Game/userData.cjd
DEBUG|201710221544|Loading user data from /Users/oranshus/Library/Application Support/BGU/Numerical Game/userData.cjd
INFO|201710221545|{started_time: 0, total_time:600, left_time:0, total_points:100, game: 0, session: 1}
INFO|201710221546|Incrementing session. seesion interval is 3600
DEBUG|201710221543|Saving user data from /Users/oranshus/Library/Application Support/BGU/Numerical Game/userData.cjd
INFO|201710221545|{started_time: 0, total_time:600, left_time:0, total_points:100, game: 0, session: 2}
INFO|201710221546|Incrementing session. seesion interval is 3600
DEBUG|201710221543|Saving user data from /Users/oranshus/Library/Application Support/BGU/Numerical Game/userData.cjd
INFO|201710221545|{started_time: 0, total_time:1, left_time:599, total_points:100, game: 0, session: 3}
DEBUG|201710221543|Saving user data from /Users/oranshus/Library/Application Support/BGU/Numerical Game/userData.cjd
]]></output>
        </test-case>
        <test-case id="1037" name="NoMoreTimeInDayPreciseFirstSession" fullname="UserStatisticsTest.NoMoreTimeInDayPreciseFirstSession" methodname="NoMoreTimeInDayPreciseFirstSession" classname="UserStatisticsTest" runstate="Runnable" seed="2049619112" result="Passed" start-time="2017-11-12 10:03:54Z" end-time="2017-11-12 10:03:54Z" duration="0.011994" asserts="2">
          <output><![CDATA[DEBUG|201710221543|Saving user data from /Users/oranshus/Library/Application Support/BGU/Numerical Game/userData.cjd
DEBUG|201710221544|Loading user data from /Users/oranshus/Library/Application Support/BGU/Numerical Game/userData.cjd
]]></output>
        </test-case>
        <test-case id="1038" name="PlayerFullFlow" fullname="UserStatisticsTest.PlayerFullFlow" methodname="PlayerFullFlow" classname="UserStatisticsTest" runstate="Runnable" seed="366431087" result="Passed" start-time="2017-11-12 10:03:54Z" end-time="2017-11-12 10:03:54Z" duration="0.068349" asserts="39">
          <output><![CDATA[DEBUG|201710221543|Saving user data from /Users/oranshus/Library/Application Support/BGU/Numerical Game/userData.cjd
DEBUG|201710221544|Loading user data from /Users/oranshus/Library/Application Support/BGU/Numerical Game/userData.cjd
DEBUG|1111|=====Starting Day 0=====
INFO|201710221545|{started_time: 0, total_time:300, left_time:300, total_points:500, game: 0, session: 1}
DEBUG|201710221543|Saving user data from /Users/oranshus/Library/Application Support/BGU/Numerical Game/userData.cjd
INFO|201710221545|{started_time: 0, total_time:301, left_time:-1, total_points:500, game: 0, session: 1}
INFO|201710221546|Incrementing session. seesion interval is 3600
DEBUG|201710221543|Saving user data from /Users/oranshus/Library/Application Support/BGU/Numerical Game/userData.cjd
INFO|201710221545|{started_time: 0, total_time:600, left_time:0, total_points:2500, game: 0, session: 2}
INFO|201710221546|Incrementing session. seesion interval is 3600
DEBUG|201710221543|Saving user data from /Users/oranshus/Library/Application Support/BGU/Numerical Game/userData.cjd
INFO|201710221545|{started_time: 0, total_time:200, left_time:400, total_points:2500, game: 0, session: 3}
DEBUG|201710221543|Saving user data from /Users/oranshus/Library/Application Support/BGU/Numerical Game/userData.cjd
INFO|201710221545|{started_time: 0, total_time:200, left_time:200, total_points:2500, game: 0, session: 3}
DEBUG|201710221543|Saving user data from /Users/oranshus/Library/Application Support/BGU/Numerical Game/userData.cjd
INFO|201710221545|{started_time: 0, total_time:200, left_time:0, total_points:2500, game: 0, session: 3}
INFO|201710221546|Incrementing session. seesion interval is 3600
DEBUG|201710221543|Saving user data from /Users/oranshus/Library/Application Support/BGU/Numerical Game/userData.cjd
DEBUG|1111|=====Starting Day 1=====
INFO|201710221545|{started_time: 0, total_time:300, left_time:300, total_points:500, game: 0, session: 1}
DEBUG|201710221543|Saving user data from /Users/oranshus/Library/Application Support/BGU/Numerical Game/userData.cjd
INFO|201710221545|{started_time: 0, total_time:301, left_time:-1, total_points:500, game: 0, session: 1}
INFO|201710221546|Incrementing session. seesion interval is 3600
DEBUG|201710221543|Saving user data from /Users/oranshus/Library/Application Support/BGU/Numerical Game/userData.cjd
INFO|201710221545|{started_time: 0, total_time:600, left_time:0, total_points:2500, game: 0, session: 2}
INFO|201710221546|Incrementing session. seesion interval is 3600
DEBUG|201710221543|Saving user data from /Users/oranshus/Library/Application Support/BGU/Numerical Game/userData.cjd
INFO|201710221545|{started_time: 0, total_time:200, left_time:400, total_points:2500, game: 0, session: 3}
DEBUG|201710221543|Saving user data from /Users/oranshus/Library/Application Support/BGU/Numerical Game/userData.cjd
INFO|201710221545|{started_time: 0, total_time:200, left_time:200, total_points:2500, game: 0, session: 3}
DEBUG|201710221543|Saving user data from /Users/oranshus/Library/Application Support/BGU/Numerical Game/userData.cjd
INFO|201710221545|{started_time: 0, total_time:200, left_time:0, total_points:2500, game: 0, session: 3}
INFO|201710221546|Incrementing session. seesion interval is 3600
DEBUG|201710221543|Saving user data from /Users/oranshus/Library/Application Support/BGU/Numerical Game/userData.cjd
DEBUG|1111|=====Starting Day 2=====
INFO|201710221545|{started_time: 0, total_time:300, left_time:300, total_points:500, game: 0, session: 1}
DEBUG|201710221543|Saving user data from /Users/oranshus/Library/Application Support/BGU/Numerical Game/userData.cjd
INFO|201710221545|{started_time: 0, total_time:301, left_time:-1, total_points:500, game: 0, session: 1}
INFO|201710221546|Incrementing session. seesion interval is 3600
DEBUG|201710221543|Saving user data from /Users/oranshus/Library/Application Support/BGU/Numerical Game/userData.cjd
INFO|201710221545|{started_time: 0, total_time:600, left_time:0, total_points:2500, game: 0, session: 2}
INFO|201710221546|Incrementing session. seesion interval is 3600
DEBUG|201710221543|Saving user data from /Users/oranshus/Library/Application Support/BGU/Numerical Game/userData.cjd
INFO|201710221545|{started_time: 0, total_time:200, left_time:400, total_points:2500, game: 0, session: 3}
DEBUG|201710221543|Saving user data from /Users/oranshus/Library/Application Support/BGU/Numerical Game/userData.cjd
INFO|201710221545|{started_time: 0, total_time:200, left_time:200, total_points:2500, game: 0, session: 3}
DEBUG|201710221543|Saving user data from /Users/oranshus/Library/Application Support/BGU/Numerical Game/userData.cjd
INFO|201710221545|{started_time: 0, total_time:200, left_time:0, total_points:2500, game: 0, session: 3}
INFO|201710221546|Incrementing session. seesion interval is 3600
DEBUG|201710221543|Saving user data from /Users/oranshus/Library/Application Support/BGU/Numerical Game/userData.cjd
]]></output>
        </test-case>
        <test-case id="1022" name="Sanity" fullname="UserStatisticsTest.Sanity" methodname="Sanity" classname="UserStatisticsTest" runstate="Runnable" seed="290556509" result="Passed" start-time="2017-11-12 10:03:54Z" end-time="2017-11-12 10:03:54Z" duration="0.012127" asserts="2">
          <output><![CDATA[DEBUG|201710221543|Saving user data from /Users/oranshus/Library/Application Support/BGU/Numerical Game/userData.cjd
DEBUG|201710221544|Loading user data from /Users/oranshus/Library/Application Support/BGU/Numerical Game/userData.cjd
]]></output>
        </test-case>
      </test-suite>
    </test-suite>
  </test-suite>
</test-run>